[06Oct2025 00:04:06.978] [Server thread/INFO] [net.minecraft.server.players.PlayerList/]: emilghj[/127.245.174.254:47627] logged in with entity id 179709 at (-1906.5, 70.0, -1084.5)
[06Oct2025 00:04:06.986] [Server thread/INFO] [net.minecraft.server.MinecraftServer/]: emilghj joined the game
[06Oct2025 00:04:07.297] [Server thread/INFO] [voicechat/]: [voicechat] Received secret request of emilghj (20)
[06Oct2025 00:04:07.298] [Server thread/INFO] [voicechat/]: [voicechat] Sent secret to emilghj
[06Oct2025 00:04:09.918] [VoiceChatPacketProcessingThread/INFO] [voicechat/]: [voicechat] Successfully authenticated player a58d4edc-d868-348c-a1ab-e8ddf9cff6a8
[06Oct2025 00:04:10.449] [Server thread/INFO] [net.minecraft.server.MinecraftServer/]: [Not Secure] <wlax> he backkk
[06Oct2025 00:04:10.919] [VoiceChatPacketProcessingThread/INFO] [voicechat/]: [voicechat] Successfully validated connection of player a58d4edc-d868-348c-a1ab-e8ddf9cff6a8
[06Oct2025 00:04:10.919] [VoiceChatPacketProcessingThread/INFO] [voicechat/]: [voicechat] Player emilghj (a58d4edc-d868-348c-a1ab-e8ddf9cff6a8) successfully connected to voice chat
[06Oct2025 00:04:17.547] [Server thread/INFO] [net.minecraft.server.MinecraftServer/]: [Not Secure] <megatuber06> mis diamantes perrita
[06Oct2025 00:04:22.761] [Server thread/INFO] [net.minecraft.server.MinecraftServer/]: [Not Secure] <megatuber06> ya veo pa donde fueron
[06Oct2025 00:04:42.814] [Server thread/INFO] [net.minecraft.server.MinecraftServer/]: [Not Secure] <emilghj> estos yo los consegui minando
[06Oct2025 00:04:49.565] [Server thread/INFO] [net.minecraft.server.MinecraftServer/]: [Not Secure] <megatuber06> yo se bro
[06Oct2025 00:04:52.749] [Server thread/INFO] [net.minecraft.server.MinecraftServer/]: [Not Secure] <megatuber06> vc?
[06Oct2025 00:04:56.494] [Server thread/INFO] [net.minecraft.server.MinecraftServer/]: [Not Secure] <emilghj> k
[06Oct2025 00:04:59.293] [Server thread/INFO] [net.minecraft.server.MinecraftServer/]: [Not Secure] <wlax> llevo media hora en vc bro
[06Oct2025 00:05:14.757] [Server thread/INFO] [net.minecraft.server.MinecraftServer/]: [Not Secure] <megatuber06> en mc o dc?
[06Oct2025 00:05:19.004] [Server thread/INFO] [net.minecraft.server.MinecraftServer/]: [Not Secure] <wlax> dc
[06Oct2025 00:05:19.610] [Server thread/INFO] [net.minecraft.server.MinecraftServer/]: [Not Secure] <emilghj> dc
[06Oct2025 00:05:22.117] [Server thread/INFO] [net.minecraft.server.MinecraftServer/]: [Not Secure] <megatuber06> AC/DC
[06Oct2025 00:05:25.095] [Server thread/INFO] [net.minecraft.server.MinecraftServer/]: [Not Secure] <wlax> emil tu me oyes?
[06Oct2025 00:05:29.792] [Server thread/INFO] [net.minecraft.server.MinecraftServer/]: [Not Secure] <emilghj> no
[06Oct2025 00:05:32.615] [Server thread/INFO] [net.minecraft.server.MinecraftServer/]: [Not Secure] <wlax> bruh
[06Oct2025 00:05:42.541] [Server thread/INFO] [net.minecraft.server.MinecraftServer/]: [Not Secure] <wlax> llevo hablandote como media hora
[06Oct2025 00:06:02.489] [Server thread/INFO] [net.minecraft.server.MinecraftServer/]: [Not Secure] <megatuber06> su puta madreeeeeeeeeee
[06Oct2025 00:06:14.057] [Server thread/INFO] [net.minecraft.server.MinecraftServer/]: [Not Secure] <wlax> te mueres bro?
[06Oct2025 00:06:29.210] [Server thread/INFO] [net.minecraft.server.MinecraftServer/]: [Not Secure] <megatuber06> bro eso no es sou sou
[06Oct2025 00:06:34.047] [Server thread/INFO] [net.minecraft.server.MinecraftServer/]: [Not Secure] <wlax> bro thats laura
[06Oct2025 00:13:08.645] [Server thread/INFO] [net.minecraft.server.MinecraftServer/]: [Not Secure] <megatuber06> si
[06Oct2025 00:13:18.089] [Server thread/INFO] [net.minecraft.server.MinecraftServer/]: [Not Secure] <wlax> te silenciaron bro
[06Oct2025 00:13:32.316] [Server thread/INFO] [net.minecraft.server.MinecraftServer/]: [Not Secure] <megatuber06> eperate emil
[06Oct2025 00:17:22.846] [Server thread/INFO] [net.minecraft.server.MinecraftServer/]: [Not Secure] <megatuber06> oro tienes o te lo robo?
[06Oct2025 00:17:33.699] [Server thread/INFO] [net.minecraft.server.MinecraftServer/]: [Not Secure] <wlax> tengo oro
[06Oct2025 00:17:50.691] [Server thread/INFO] [net.minecraft.server.MinecraftServer/]: [Not Secure] <wlax> yo tengo arroz
[06Oct2025 00:17:54.550] [Server thread/INFO] [net.minecraft.server.MinecraftServer/]: [Not Secure] <megatuber06> en los de metal
[06Oct2025 00:17:57.710] [Server thread/INFO] [net.minecraft.server.MinecraftServer/]: [Not Secure] <wlax> en mi base
[06Oct2025 00:18:04.115] [Server thread/INFO] [net.minecraft.server.MinecraftServer/]: [Not Secure] <wlax> duermannn
[06Oct2025 00:18:05.401] [Server thread/INFO] [net.minecraft.server.MinecraftServer/]: [Not Secure] <wlax> zzzzzz
[06Oct2025 00:18:16.253] [Server thread/INFO] [net.minecraft.server.MinecraftServer/]: [Not Secure] <wlax> zzzzzzzzzzzzzzzzzzzzzzzzzzzzzzzzzzzzzzzzzzzzzzzzzzzzzzzzzzzzzzzzzzzzzzzzzzzzzzzzzzzzzzzzzzzzzzzzzzzzzzzzzzzzzzz
[06Oct2025 00:18:39.660] [Server thread/INFO] [net.minecraft.server.MinecraftServer/]: [Not Secure] <megatuber06> ethan espamea mucho
[06Oct2025 00:18:42.440] [Server thread/INFO] [net.minecraft.server.MinecraftServer/]: [Not Secure] <wlax> nah
[06Oct2025 00:18:48.005] [Server thread/INFO] [net.minecraft.server.MinecraftServer/]: [Not Secure] <megatuber06> dale bro
[06Oct2025 00:19:40.548] [Server thread/INFO] [net.minecraft.server.MinecraftServer/]: [Not Secure] <megatuber06> prepara bebida bro
[06Oct2025 00:19:53.540] [Server thread/INFO] [net.minecraft.server.MinecraftServer/]: [Not Secure] <megatuber06> a toast bro
[06Oct2025 00:19:54.620] [Server thread/INFO] [net.minecraft.server.MinecraftServer/]: [Not Secure] <wlax> emil preparame un wisky extra viejo
[06Oct2025 00:19:59.360] [Server thread/INFO] [net.minecraft.server.MinecraftServer/]: [Not Secure] <megatuber06> we lost everything
[06Oct2025 00:19:59.405] [Server thread/INFO] [net.minecraft.server.MinecraftServer/]: [Not Secure] <wlax> del 1500
[06Oct2025 00:20:09.889] [Server thread/INFO] [net.minecraft.server.MinecraftServer/]: [Not Secure] <megatuber06> bro la referencia
[06Oct2025 00:20:31.966] [Server thread/INFO] [net.minecraft.server.MinecraftServer/]: [Not Secure] <megatuber06> asi mismo bro
[06Oct2025 00:21:27.837] [Server thread/INFO] [net.minecraft.server.MinecraftServer/]: [Not Secure] <emilghj> broooooooooooooooooooooooooooooooooo
[06Oct2025 00:21:30.721] [Server thread/INFO] [net.minecraft.server.MinecraftServer/]: [Not Secure] <wlax> no
[06Oct2025 00:21:34.693] [Server thread/INFO] [net.minecraft.server.MinecraftServer/]: [Not Secure] <emilghj> eeeeeeeeeeeeeeeeeeeeeeeeeeeeeeeeeeeeeeeeeeeeeeeeeeeeeeeeeeeeeeeeeeeeeeeeeeeeeeeeeeeeeeeeeeeeeeeeeeeeeeeeeeeeeeeeeeeeeeeeeeeeee
[06Oct2025 00:21:40.002] [Server thread/INFO] [net.minecraft.server.MinecraftServer/]: [Not Secure] <emilghj> soy sans
[06Oct2025 00:21:47.300] [Server thread/INFO] [net.minecraft.server.MinecraftServer/]: [Not Secure] <wlax> iiiiiiiiiiiiiiiiiiiiiiiiiiiiiiiiiiiiiiiiiiiiiiiiiiiiiiiiiiiiiiiiiiiiiiiiiiiiiiiiiiiiiiiiiiiiiiiiiiiiiiiiiiiiiiiiiiiiiiiiiiiiiiiiiiiiiiiiiiiiiiiiiiiiiiiiiiiiiiiiiiiiiiiiiiiiiiiiiiiiiiiiiiiiiiiiiiiiiiiiiiiiiiiiiiiiiiiiiiiiiiiiiiiiiiiiiiiiiiiiiiiiiiiiiiiiiiii
[06Oct2025 00:21:53.639] [Server thread/INFO] [net.minecraft.server.MinecraftServer/]: [Not Secure] <megatuber06> vamos bro
[06Oct2025 00:21:57.289] [Server thread/INFO] [net.minecraft.server.MinecraftServer/]: [Not Secure] <wlax> soy rata cuando se quilla
[06Oct2025 00:21:58.618] [Server thread/INFO] [net.minecraft.server.MinecraftServer/]: megatuber06 has made the advancement [A Glorious Feast]
[06Oct2025 00:22:32.343] [Server thread/INFO] [net.minecraft.server.MinecraftServer/]: [Not Secure] <megatuber06> ok
[06Oct2025 00:24:09.208] [Server thread/INFO] [net.minecraft.server.MinecraftServer/]: [Not Secure] <emilghj> xaero-waypoint:l:L:-103:49:-127:8:false:0:Internal-the-nether-waypoints
[06Oct2025 00:24:19.041] [Server thread/INFO] [net.minecraft.server.MinecraftServer/]: [Not Secure] <megatuber06> vamos
[06Oct2025 00:27:30.740] [Server thread/INFO] [net.minecraft.server.MinecraftServer/]: [Not Secure] <megatuber06> vamos abajo
[06Oct2025 00:28:14.287] [Server thread/INFO] [net.minecraft.server.MinecraftServer/]: megatuber06 has made the advancement [A Terrible Fortress]
[06Oct2025 00:28:16.941] [Server thread/INFO] [net.minecraft.server.MinecraftServer/]: emilghj has made the advancement [A Terrible Fortress]
[06Oct2025 00:29:22.440] [Server thread/INFO] [net.minecraft.server.MinecraftServer/]: megatuber06 has made the advancement [Into Fire]
[06Oct2025 00:29:44.890] [Server thread/INFO] [net.minecraft.server.MinecraftServer/]: [Not Secure] <emilghj> ven
[06Oct2025 00:29:54.191] [Server thread/INFO] [net.minecraft.server.MinecraftServer/]: [Not Secure] <emilghj> no los mates
[06Oct2025 00:30:10.990] [Server thread/INFO] [net.minecraft.server.MinecraftServer/]: [Not Secure] <emilghj> tienes laminas de hierro?
[06Oct2025 00:30:33.446] [Server thread/INFO] [net.minecraft.server.MinecraftServer/]: [Not Secure] <emilghj> ????
[06Oct2025 00:31:53.245] [Server thread/INFO] [net.minecraft.server.MinecraftServer/]: [Not Secure] <megatuber06> me boa tener que ir
[06Oct2025 00:31:57.898] [Server thread/INFO] [net.minecraft.server.MinecraftServer/]: [Not Secure] <megatuber06> demosle cohete
[06Oct2025 00:32:08.791] [Server thread/INFO] [net.minecraft.server.MinecraftServer/]: [Not Secure] <megatuber06> labubu
[06Oct2025 00:32:12.353] [Server thread/INFO] [net.minecraft.server.MinecraftServer/]: [Not Secure] <megatuber06> vamonos
[06Oct2025 00:32:28.563] [Server thread/INFO] [net.minecraft.server.MinecraftServer/]: [Not Secure] <megatuber06> si
[06Oct2025 00:33:00.965] [Server thread/INFO] [net.minecraft.server.MinecraftServer/]: [Not Secure] <megatuber06> ven
[06Oct2025 00:33:45.549] [Server thread/INFO] [net.minecraft.server.MinecraftServer/]: megatuber06 fell from a high place
[06Oct2025 00:34:04.704] [Server thread/INFO] [net.minecraft.server.MinecraftServer/]: [Not Secure] <wlax> R.I.P
[06Oct2025 00:34:05.068] [Server thread/INFO] [net.minecraft.server.MinecraftServer/]: [Not Secure] <megatuber06> noooooooooooooooooooooooooooooooooooooooooooooooooooooooooooooooooooooooooooooooooooooooooooooooooooooooooo
[06Oct2025 00:34:18.697] [Server thread/INFO] [net.minecraft.server.MinecraftServer/]: [Not Secure] <megatuber06> nooooooooooooooooooooooooooooooooooooooooooooooooooooooooooooooooooooooooooooooooooooooooooooooooooooooooooooooooooooooooooooooooooooooooooooooooooooooooooooooooooooooooooooooooooooooooooooooooooooooooooooooooooooooooooooooooooooooooooooooooooooooooooooooo
[06Oct2025 00:34:35.141] [Server thread/INFO] [net.minecraft.server.network.ServerGamePacketListenerImpl/]: wlax lost connection: Disconnected
[06Oct2025 00:34:35.141] [Server thread/INFO] [net.minecraft.server.MinecraftServer/]: wlax left the game
[06Oct2025 00:34:35.142] [Server thread/INFO] [voicechat/]: [voicechat] Disconnecting client wlax
[06Oct2025 00:34:39.833] [Server thread/INFO] [net.minecraft.server.MinecraftServer/]: [Not Secure] <megatuber06> nooooooooooooooooooooooooooooooooooooooooooooooooooooooooooooooooooooooooooooooooooooooooooooooooooooooooooooooooooooooooooooooooooooooooooooooooooooooooooooooooooooooooooooooooooooooooooooooooooooooooooooooooooooooooooooooooooooooooooooooooooooooooooooooo
[06Oct2025 00:34:48.237] [Server thread/INFO] [net.minecraft.server.MinecraftServer/]: [Not Secure] <megatuber06> coge lo que haya
[06Oct2025 00:34:53.056] [Server thread/INFO] [net.minecraft.server.MinecraftServer/]: [Not Secure] <megatuber06> a ver si quedo algo
[06Oct2025 00:34:57.917] [Server thread/INFO] [net.minecraft.server.MinecraftServer/]: [Not Secure] <megatuber06> con vida
[06Oct2025 00:35:07.560] [Server thread/INFO] [net.minecraft.server.MinecraftServer/]: [Not Secure] <emilghj> caiste en lava brsky
[06Oct2025 00:35:15.784] [Server thread/INFO] [net.minecraft.server.MinecraftServer/]: [Not Secure] <megatuber06> revisa
[06Oct2025 00:36:01.436] [Server thread/INFO] [net.minecraft.server.MinecraftServer/]: emilghj has made the advancement [Into Fire]
[06Oct2025 00:36:39.405] [Server thread/INFO] [net.minecraft.server.MinecraftServer/]: [Not Secure] <megatuber06> la espada lo unico que me importaba
[06Oct2025 00:36:55.732] [Server thread/INFO] [net.minecraft.server.MinecraftServer/]: [Not Secure] <megatuber06> r¿traelo todo
